<?xml version="1.0" encoding="UTF-8"?>
<!-- Generated by org.testng.reporters.JUnitReportReporter -->
<testsuite skipped="2" hostname="NDI-LAP-762" name="com.freecrm.qa.testcases.ContactsPageTest" tests="6" failures="0" timestamp="28 Nov 2018 15:39:25 GMT" time="128.647" errors="0">
  <testcase name="validateNewContact" time="19.299" classname="com.freecrm.qa.testcases.ContactsPageTest"/>
  <testcase name="validateNewContact" time="19.297" classname="com.freecrm.qa.testcases.ContactsPageTest"/>
  <testcase name="validateDeleteContact" time="44.932" classname="com.freecrm.qa.testcases.ContactsPageTest"/>
  <testcase name="validateDeleteContact" time="45.119" classname="com.freecrm.qa.testcases.ContactsPageTest"/>
  <testcase name="verifyContacyLabelTest" classname="com.freecrm.qa.testcases.ContactsPageTest">
    <skipped/>
  </testcase> <!-- verifyContacyLabelTest -->
  <testcase name="selectContactsByName" classname="com.freecrm.qa.testcases.ContactsPageTest">
    <skipped/>
  </testcase> <!-- selectContactsByName -->
</testsuite> <!-- com.freecrm.qa.testcases.ContactsPageTest -->
