<?xml version="1.0" encoding="UTF-8"?>
<!-- Generated by org.testng.reporters.JUnitReportReporter -->
<testsuite skipped="0" hostname="NDI-LAP-762" name="com.freecrm.qa.testcases.HomePageTest" tests="3" failures="0" timestamp="28 Nov 2018 15:25:32 GMT" time="49.455" errors="0">
  <testcase name="homePageVerifyCorrectUserName" time="17.413" classname="com.freecrm.qa.testcases.HomePageTest"/>
  <testcase name="homePageVerifyTitleTest" time="15.001" classname="com.freecrm.qa.testcases.HomePageTest"/>
  <testcase name="verifyContactsLinkTest" time="17.041" classname="com.freecrm.qa.testcases.HomePageTest"/>
</testsuite> <!-- com.freecrm.qa.testcases.HomePageTest -->
