<?xml version="1.0" encoding="UTF-8"?>
<!-- Generated by org.testng.reporters.JUnitReportReporter -->
<testsuite hostname="NDI-LAP-762" name="com.freecrm.qa.testcases.HomePageTest" tests="3" failures="0" timestamp="13 Jun 2018 11:21:49 GMT" time="43.710" errors="0">
  <testcase name="homePageVerifyTitleTest" time="13.371" classname="com.freecrm.qa.testcases.HomePageTest"/>
  <testcase name="homePageVerifyCorrectUserName" time="17.643" classname="com.freecrm.qa.testcases.HomePageTest"/>
  <testcase name="verifyContactsLinkTest" time="12.696" classname="com.freecrm.qa.testcases.HomePageTest"/>
</testsuite> <!-- com.freecrm.qa.testcases.HomePageTest -->
