<?xml version="1.0" encoding="UTF-8"?>
<!-- Generated by org.testng.reporters.JUnitReportReporter -->
<testsuite skipped="2" hostname="NDI-LAP-762" name="com.freecrm.qa.testcases.LoginPageTest" tests="3" failures="0" timestamp="28 Nov 2018 11:20:35 GMT" time="26.730" errors="0">
  <testcase name="loginTest" time="26.730" classname="com.freecrm.qa.testcases.LoginPageTest"/>
  <testcase name="crmLogoImageTest" classname="com.freecrm.qa.testcases.LoginPageTest">
    <skipped/>
  </testcase> <!-- crmLogoImageTest -->
  <testcase name="loginPageTitleTest" classname="com.freecrm.qa.testcases.LoginPageTest">
    <skipped/>
  </testcase> <!-- loginPageTitleTest -->
</testsuite> <!-- com.freecrm.qa.testcases.LoginPageTest -->
