<?xml version="1.0" encoding="UTF-8"?>
<!-- Generated by org.testng.reporters.JUnitReportReporter -->
<testsuite skipped="2" hostname="NDI-LAP-762" name="com.freecrm.qa.testcases.ContactsPageTest" tests="10" failures="0" timestamp="06 Jul 2018 12:43:11 GMT" time="276.092" errors="0">
  <testcase name="validateNewContact" time="20.867" classname="com.freecrm.qa.testcases.ContactsPageTest"/>
  <testcase name="validateNewContact" time="22.755" classname="com.freecrm.qa.testcases.ContactsPageTest"/>
  <testcase name="validateNewContact" time="23.711" classname="com.freecrm.qa.testcases.ContactsPageTest"/>
  <testcase name="validateNewContact" time="22.274" classname="com.freecrm.qa.testcases.ContactsPageTest"/>
  <testcase name="validateDeleteContact" time="46.316" classname="com.freecrm.qa.testcases.ContactsPageTest"/>
  <testcase name="validateDeleteContact" time="47.156" classname="com.freecrm.qa.testcases.ContactsPageTest"/>
  <testcase name="validateDeleteContact" time="46.792" classname="com.freecrm.qa.testcases.ContactsPageTest"/>
  <testcase name="validateDeleteContact" time="46.221" classname="com.freecrm.qa.testcases.ContactsPageTest"/>
  <testcase name="verifyContacyLabelTest" classname="com.freecrm.qa.testcases.ContactsPageTest">
    <skipped/>
  </testcase> <!-- verifyContacyLabelTest -->
  <testcase name="selectContactsByName" classname="com.freecrm.qa.testcases.ContactsPageTest">
    <skipped/>
  </testcase> <!-- selectContactsByName -->
</testsuite> <!-- com.freecrm.qa.testcases.ContactsPageTest -->
